0 info it worked if it ends with ok
1 verbose cli [ '/usr/bin/node',
1 verbose cli   '/usr/bin/npm',
1 verbose cli   'i',
1 verbose cli   '--save',
1 verbose cli   'express@4.15.3',
1 verbose cli   'mongoose@4.11.1',
1 verbose cli   'node-re' ]
2 info using npm@3.5.2
3 info using node@v8.10.0
4 silly loadCurrentTree Starting
5 silly install loadCurrentTree
6 silly install readLocalPackageData
7 silly fetchPackageMetaData express@4.15.3
8 silly fetchPackageMetaData mongoose@4.11.1
9 silly fetchPackageMetaData node-re
10 silly fetchNamedPackageData express
11 silly mapToRegistry name express
12 silly mapToRegistry using default registry
13 silly mapToRegistry registry https://registry.npmjs.org/
14 silly mapToRegistry uri https://registry.npmjs.org/express
15 silly fetchNamedPackageData mongoose
16 silly mapToRegistry name mongoose
17 silly mapToRegistry using default registry
18 silly mapToRegistry registry https://registry.npmjs.org/
19 silly mapToRegistry uri https://registry.npmjs.org/mongoose
20 silly fetchNamedPackageData node-re
21 silly mapToRegistry name node-re
22 silly mapToRegistry using default registry
23 silly mapToRegistry registry https://registry.npmjs.org/
24 silly mapToRegistry uri https://registry.npmjs.org/node-re
25 verbose request uri https://registry.npmjs.org/express
26 verbose request no auth needed
27 info attempt registry request try #1 at 2:06:01 PM
28 verbose request id 19cba042cd10b538
29 http request GET https://registry.npmjs.org/express
30 verbose request uri https://registry.npmjs.org/mongoose
31 verbose request no auth needed
32 info attempt registry request try #1 at 2:06:01 PM
33 http request GET https://registry.npmjs.org/mongoose
34 verbose request uri https://registry.npmjs.org/node-re
35 verbose request no auth needed
36 info attempt registry request try #1 at 2:06:01 PM
37 http request GET https://registry.npmjs.org/node-re
38 http 200 https://registry.npmjs.org/express
39 verbose headers { date: 'Fri, 22 Jun 2018 17:06:00 GMT',
39 verbose headers   'content-type': 'application/json; charset=UTF-8',
39 verbose headers   'transfer-encoding': 'chunked',
39 verbose headers   connection: 'keep-alive',
39 verbose headers   'set-cookie':
39 verbose headers    [ '__cfduid=daccb6ba25e70a9872ee49e455109dc241529687160; expires=Sat, 22-Jun-19 17:06:00 GMT; path=/; domain=.registry.npmjs.org; HttpOnly' ],
39 verbose headers   'cache-control': 'max-age=300',
39 verbose headers   'cf-cache-status': 'HIT',
39 verbose headers   'cf-ray': '42f04d92dd154b7b-GRU',
39 verbose headers   etag: 'W/"e6503c8c1e99ebf156ea4c24d986347e"',
39 verbose headers   'expect-ct': 'max-age=604800, report-uri="https://report-uri.cloudflare.com/cdn-cgi/beacon/expect-ct"',
39 verbose headers   'last-modified': 'Sun, 27 May 2018 00:12:56 GMT',
39 verbose headers   vary: 'accept-encoding, accept',
39 verbose headers   server: 'cloudflare',
39 verbose headers   'content-encoding': 'gzip' }
40 silly get cb [ 200,
40 silly get   { date: 'Fri, 22 Jun 2018 17:06:00 GMT',
40 silly get     'content-type': 'application/json; charset=UTF-8',
40 silly get     'transfer-encoding': 'chunked',
40 silly get     connection: 'keep-alive',
40 silly get     'set-cookie':
40 silly get      [ '__cfduid=daccb6ba25e70a9872ee49e455109dc241529687160; expires=Sat, 22-Jun-19 17:06:00 GMT; path=/; domain=.registry.npmjs.org; HttpOnly' ],
40 silly get     'cache-control': 'max-age=300',
40 silly get     'cf-cache-status': 'HIT',
40 silly get     'cf-ray': '42f04d92dd154b7b-GRU',
40 silly get     etag: 'W/"e6503c8c1e99ebf156ea4c24d986347e"',
40 silly get     'expect-ct': 'max-age=604800, report-uri="https://report-uri.cloudflare.com/cdn-cgi/beacon/expect-ct"',
40 silly get     'last-modified': 'Sun, 27 May 2018 00:12:56 GMT',
40 silly get     vary: 'accept-encoding, accept',
40 silly get     server: 'cloudflare',
40 silly get     'content-encoding': 'gzip' } ]
41 verbose get saving express to /home/matheus/.npm/registry.npmjs.org/express/.cache.json
42 http 200 https://registry.npmjs.org/mongoose
43 verbose headers { date: 'Fri, 22 Jun 2018 17:06:00 GMT',
43 verbose headers   'content-type': 'application/json; charset=UTF-8',
43 verbose headers   'transfer-encoding': 'chunked',
43 verbose headers   connection: 'keep-alive',
43 verbose headers   'set-cookie':
43 verbose headers    [ '__cfduid=d5132feb122a4fa7cccf1050e7ca05e431529687160; expires=Sat, 22-Jun-19 17:06:00 GMT; path=/; domain=.registry.npmjs.org; HttpOnly' ],
43 verbose headers   'cache-control': 'max-age=300',
43 verbose headers   'cf-cache-status': 'HIT',
43 verbose headers   'cf-ray': '42f04d92cfd44b69-GRU',
43 verbose headers   etag: 'W/"fdd4d3b6ee6b169a971569e737d4fe51"',
43 verbose headers   'expect-ct': 'max-age=604800, report-uri="https://report-uri.cloudflare.com/cdn-cgi/beacon/expect-ct"',
43 verbose headers   'last-modified': 'Tue, 19 Jun 2018 15:11:30 GMT',
43 verbose headers   vary: 'accept-encoding, accept',
43 verbose headers   server: 'cloudflare',
43 verbose headers   'content-encoding': 'gzip' }
44 silly get cb [ 200,
44 silly get   { date: 'Fri, 22 Jun 2018 17:06:00 GMT',
44 silly get     'content-type': 'application/json; charset=UTF-8',
44 silly get     'transfer-encoding': 'chunked',
44 silly get     connection: 'keep-alive',
44 silly get     'set-cookie':
44 silly get      [ '__cfduid=d5132feb122a4fa7cccf1050e7ca05e431529687160; expires=Sat, 22-Jun-19 17:06:00 GMT; path=/; domain=.registry.npmjs.org; HttpOnly' ],
44 silly get     'cache-control': 'max-age=300',
44 silly get     'cf-cache-status': 'HIT',
44 silly get     'cf-ray': '42f04d92cfd44b69-GRU',
44 silly get     etag: 'W/"fdd4d3b6ee6b169a971569e737d4fe51"',
44 silly get     'expect-ct': 'max-age=604800, report-uri="https://report-uri.cloudflare.com/cdn-cgi/beacon/expect-ct"',
44 silly get     'last-modified': 'Tue, 19 Jun 2018 15:11:30 GMT',
44 silly get     vary: 'accept-encoding, accept',
44 silly get     server: 'cloudflare',
44 silly get     'content-encoding': 'gzip' } ]
45 verbose get saving mongoose to /home/matheus/.npm/registry.npmjs.org/mongoose/.cache.json
46 http 404 https://registry.npmjs.org/node-re
47 verbose headers { date: 'Fri, 22 Jun 2018 17:06:01 GMT',
47 verbose headers   'content-type': 'application/json',
47 verbose headers   'content-length': '21',
47 verbose headers   connection: 'keep-alive',
47 verbose headers   'set-cookie':
47 verbose headers    [ '__cfduid=da92297e66fed0a44374a7e530c144ce31529687160; expires=Sat, 22-Jun-19 17:06:00 GMT; path=/; domain=.registry.npmjs.org; HttpOnly' ],
47 verbose headers   'cache-control': 'max-age=300',
47 verbose headers   'cf-cache-status': 'MISS',
47 verbose headers   'cf-ray': '42f04d92cea64b57-GRU',
47 verbose headers   'expect-ct': 'max-age=604800, report-uri="https://report-uri.cloudflare.com/cdn-cgi/beacon/expect-ct"',
47 verbose headers   vary: 'accept-encoding, accept',
47 verbose headers   server: 'cloudflare' }
48 silly get cb [ 404,
48 silly get   { date: 'Fri, 22 Jun 2018 17:06:01 GMT',
48 silly get     'content-type': 'application/json',
48 silly get     'content-length': '21',
48 silly get     connection: 'keep-alive',
48 silly get     'set-cookie':
48 silly get      [ '__cfduid=da92297e66fed0a44374a7e530c144ce31529687160; expires=Sat, 22-Jun-19 17:06:00 GMT; path=/; domain=.registry.npmjs.org; HttpOnly' ],
48 silly get     'cache-control': 'max-age=300',
48 silly get     'cf-cache-status': 'MISS',
48 silly get     'cf-ray': '42f04d92cea64b57-GRU',
48 silly get     'expect-ct': 'max-age=604800, report-uri="https://report-uri.cloudflare.com/cdn-cgi/beacon/expect-ct"',
48 silly get     vary: 'accept-encoding, accept',
48 silly get     server: 'cloudflare' } ]
49 silly fetchPackageMetaData Error: Not found : node-re
49 silly fetchPackageMetaData     at makeError (/usr/share/npm/node_modules/npm-registry-client/lib/request.js:264:12)
49 silly fetchPackageMetaData     at CachingRegistryClient.<anonymous> (/usr/share/npm/node_modules/npm-registry-client/lib/request.js:252:14)
49 silly fetchPackageMetaData     at Request._callback (/usr/share/npm/node_modules/npm-registry-client/lib/request.js:172:14)
49 silly fetchPackageMetaData     at Request.self.callback (/usr/share/npm/node_modules/request/request.js:198:22)
49 silly fetchPackageMetaData     at emitTwo (events.js:126:13)
49 silly fetchPackageMetaData     at Request.emit (events.js:214:7)
49 silly fetchPackageMetaData     at Request.<anonymous> (/usr/share/npm/node_modules/request/request.js:1082:10)
49 silly fetchPackageMetaData     at emitOne (events.js:121:20)
49 silly fetchPackageMetaData     at Request.emit (events.js:211:7)
49 silly fetchPackageMetaData     at IncomingMessage.<anonymous> (/usr/share/npm/node_modules/request/request.js:1009:12)
49 silly fetchPackageMetaData  error for node-re { Error: Not found : node-re
49 silly fetchPackageMetaData     at makeError (/usr/share/npm/node_modules/npm-registry-client/lib/request.js:264:12)
49 silly fetchPackageMetaData     at CachingRegistryClient.<anonymous> (/usr/share/npm/node_modules/npm-registry-client/lib/request.js:252:14)
49 silly fetchPackageMetaData     at Request._callback (/usr/share/npm/node_modules/npm-registry-client/lib/request.js:172:14)
49 silly fetchPackageMetaData     at Request.self.callback (/usr/share/npm/node_modules/request/request.js:198:22)
49 silly fetchPackageMetaData     at emitTwo (events.js:126:13)
49 silly fetchPackageMetaData     at Request.emit (events.js:214:7)
49 silly fetchPackageMetaData     at Request.<anonymous> (/usr/share/npm/node_modules/request/request.js:1082:10)
49 silly fetchPackageMetaData     at emitOne (events.js:121:20)
49 silly fetchPackageMetaData     at Request.emit (events.js:211:7)
49 silly fetchPackageMetaData     at IncomingMessage.<anonymous> (/usr/share/npm/node_modules/request/request.js:1009:12) pkgid: 'node-re', statusCode: 404, code: 'E404' }
50 silly rollbackFailedOptional Starting
51 silly rollbackFailedOptional Finishing
52 silly runTopLevelLifecycles Starting
53 silly runTopLevelLifecycles Finishing
54 silly install printInstalled
55 verbose stack Error: Not found : node-re
55 verbose stack     at makeError (/usr/share/npm/node_modules/npm-registry-client/lib/request.js:264:12)
55 verbose stack     at CachingRegistryClient.<anonymous> (/usr/share/npm/node_modules/npm-registry-client/lib/request.js:252:14)
55 verbose stack     at Request._callback (/usr/share/npm/node_modules/npm-registry-client/lib/request.js:172:14)
55 verbose stack     at Request.self.callback (/usr/share/npm/node_modules/request/request.js:198:22)
55 verbose stack     at emitTwo (events.js:126:13)
55 verbose stack     at Request.emit (events.js:214:7)
55 verbose stack     at Request.<anonymous> (/usr/share/npm/node_modules/request/request.js:1082:10)
55 verbose stack     at emitOne (events.js:121:20)
55 verbose stack     at Request.emit (events.js:211:7)
55 verbose stack     at IncomingMessage.<anonymous> (/usr/share/npm/node_modules/request/request.js:1009:12)
56 verbose statusCode 404
57 verbose pkgid node-re
58 verbose cwd /home/matheus/Workplace/DockerCurso/node-mongo-compose/backend
59 error Linux 4.15.0-23-generic
60 error argv "/usr/bin/node" "/usr/bin/npm" "i" "--save" "express@4.15.3" "mongoose@4.11.1" "node-re"
61 error node v8.10.0
62 error npm  v3.5.2
63 error code E404
64 error 404 Not found : node-re
65 error 404
66 error 404 'node-re' is not in the npm registry.
67 error 404 You should bug the author to publish it (or use the name yourself!)
68 error 404 Note that you can also install from a
69 error 404 tarball, folder, http url, or git url.
70 verbose exit [ 1, true ]
